[19:16:40] [Server thread/INFO]: Loading properties
[19:16:40] [Server thread/INFO]: Default game type: CREATIVE
[19:16:40] [Server thread/INFO]: Generating keypair
[19:16:40] [Server thread/INFO]: Starting Minecraft server on *:25565
[19:16:40] [Server thread/INFO]: Using default channel type
[19:16:42] [Server thread/INFO]: This server is running CraftBukkit version git-Bukkit-ed8c725 (MC: 1.12) (Implementing API version 1.12-R0.1-SNAPSHOT)
[19:16:42] [Server thread/INFO]: [RaspberryJuice] Loading RaspberryJuice v1.10
[19:16:42] [Server thread/WARN]: **** SERVER IS RUNNING IN OFFLINE/INSECURE MODE!
[19:16:42] [Server thread/WARN]: The server will make no attempt to authenticate usernames. Beware.
[19:16:42] [Server thread/WARN]: While this makes the game possible to play without internet access, it also opens up the ability for hackers to connect with any username they choose.
[19:16:42] [Server thread/WARN]: To change this, set "online-mode" to "true" in the server.properties file.
[19:16:42] [Server thread/INFO]: Preparing level "world"
[19:16:43] [Server thread/INFO]: Preparing start region for level 0 (Seed: 6508423311135001331)
[19:16:44] [Server thread/INFO]: Preparing spawn area: 16%
[19:16:45] [Server thread/INFO]: Preparing spawn area: 88%
[19:16:45] [Server thread/INFO]: Preparing start region for level 1 (Seed: 6508423311135001331)
[19:16:46] [Server thread/INFO]: Preparing spawn area: 73%
[19:16:46] [Server thread/INFO]: Preparing start region for level 2 (Seed: 6508423311135001331)
[19:16:47] [Server thread/INFO]: [RaspberryJuice] Enabling RaspberryJuice v1.10
[19:16:47] [Server thread/INFO]: [RaspberryJuice] Using port 4711
[19:16:47] [Server thread/INFO]: [RaspberryJuice] Using ABSOLUTE locations
[19:16:47] [Server thread/INFO]: [RaspberryJuice] Using BOTH clicks for hits
[19:16:47] [Server thread/INFO]: [RaspberryJuice] ThreadListener Started
[19:16:47] [Server thread/INFO]: Server permissions file permissions.yml is empty, ignoring it
[19:16:47] [Server thread/INFO]: Done (4,589s)! For help, type "help" or "?"
[19:17:16] [Server thread/INFO]: mbel[/127.0.0.1:53181] logged in with entity id 19 at ([world]121.57433529904239, 73.0, 258.2614532296541)
[20:42:36] [Thread-7/INFO]: [RaspberryJuice] Starting input thread
[20:42:36] [Thread-8/INFO]: [RaspberryJuice] Starting output thread!
[20:42:36] [Thread-5/INFO]: [RaspberryJuice] Opened connection to/127.0.0.1:55128.
[20:42:36] [Thread-5/INFO]: [RaspberryJuice] Opened connection to/127.0.0.1:55129.
[20:42:36] [Thread-9/INFO]: [RaspberryJuice] Starting input thread
[20:42:36] [Thread-10/INFO]: [RaspberryJuice] Starting output thread!
[20:42:36] [Thread-5/INFO]: [RaspberryJuice] Opened connection to/127.0.0.1:55130.
[20:42:36] [Thread-11/INFO]: [RaspberryJuice] Starting input thread
[20:42:36] [Thread-12/INFO]: [RaspberryJuice] Starting output thread!
[20:42:36] [Server thread/INFO]: You're doing great![m
[20:42:44] [Server thread/INFO]: You are amazing just the way you are![m
[20:42:45] [Netty Server IO #2/INFO]: <mbel> oracle[m
[20:42:51] [Server thread/INFO]: Keep up the good work![m
[20:42:54] [Netty Server IO #2/INFO]: <mbel> oraclebot[m
[20:42:56] [Server thread/INFO]: <oracleBot> Very doubtful.[m
[20:42:58] [Server thread/INFO]: You're awesome![m
[20:43:01] [Server thread/INFO]: [RaspberryJuice] Closed connection to/127.0.0.1:55128.
[20:43:01] [Server thread/INFO]: [RaspberryJuice] Closed connection to/127.0.0.1:55129.
[20:43:01] [Server thread/INFO]: [RaspberryJuice] Closed connection to/127.0.0.1:55130.
